<?xml version="1.0" encoding="UTF-8"?>
<!-- Generated by org.testng.reporters.JUnitXMLReporter -->
<testsuite hostname="AdminAs-MBP-4.fios-router.home" ignored="0" name="Surefire test" tests="4" failures="1" timestamp="02 Oct 2019 07:00:56 GMT" time="0.592" errors="0">
  <testcase name="runScenario" time="0.226" classname="cucumber.api.testng.AbstractTestNGCucumberTests"/>
  <testcase name="runScenario" time="0.005" classname="cucumber.api.testng.AbstractTestNGCucumberTests"/>
  <testcase name="runScenario" time="0.007" classname="cucumber.api.testng.AbstractTestNGCucumberTests">
    <failure type="java.lang.AssertionError" message="Summary of all values ($997000.0) doesn&amp;apos;t match with expected Total Balance. expected [1000000.0] but found [997000.0]">
      <![CDATA[java.lang.AssertionError: Summary of all values ($997000.0) doesn't match with expected Total Balance. expected [1000000.0] but found [997000.0]
at steps.MyStepdefs.iVerifyThatTheTotalBalanceIsCorrectBasedOnTheValuesListedOnTheScreen(MyStepdefs.java:80)
at âœ½.I verify that the total balance is correct based on the values listed on the screen(src/test/resources/problem.feature:35)
... Removed 4 stack frames]]>
    </failure>
  </testcase> <!-- runScenario -->
  <testcase name="runScenario" time="0.005" classname="cucumber.api.testng.AbstractTestNGCucumberTests"/>
</testsuite> <!-- Surefire test -->
